2026-03-01 19:19:58,690 | INFO | bot.loader | Bot started
2026-03-01 19:19:58,690 | INFO | aiogram.dispatcher | Start polling
2026-03-01 19:19:59,344 | INFO | aiogram.dispatcher | Run polling for bot @BellaTarobot id=8235942966 - 'BellaTaro'
2026-03-01 19:19:59,756 | INFO | aiogram.event | Update id=360175229 is handled. Duration 297 ms by bot id=8235942966
2026-03-01 19:20:01,460 | INFO | aiogram.event | Update id=360175230 is handled. Duration 187 ms by bot id=8235942966
2026-03-01 19:20:05,117 | INFO | aiogram.event | Update id=360175231 is handled. Duration 625 ms by bot id=8235942966
2026-03-01 19:20:05,950 | INFO | aiogram.event | Update id=360175232 is handled. Duration 171 ms by bot id=8235942966
2026-03-01 19:20:09,108 | INFO | aiogram.event | Update id=360175233 is handled. Duration 156 ms by bot id=8235942966
2026-03-01 19:20:10,488 | INFO | aiogram.event | Update id=360175234 is handled. Duration 358 ms by bot id=8235942966
2026-03-01 19:20:11,621 | INFO | aiogram.event | Update id=360175235 is handled. Duration 219 ms by bot id=8235942966
2026-03-01 19:20:12,953 | INFO | aiogram.event | Update id=360175236 is handled. Duration 312 ms by bot id=8235942966
2026-03-01 19:20:14,022 | INFO | aiogram.event | Update id=360175237 is handled. Duration 250 ms by bot id=8235942966
2026-03-01 19:20:21,040 | INFO | aiogram.event | Update id=360175238 is handled. Duration 296 ms by bot id=8235942966
2026-03-01 19:20:22,494 | INFO | aiogram.event | Update id=360175239 is handled. Duration 421 ms by bot id=8235942966
2026-03-01 19:20:24,327 | INFO | aiogram.event | Update id=360175240 is handled. Duration 109 ms by bot id=8235942966
2026-03-01 19:20:29,214 | INFO | aiogram.event | Update id=360175241 is handled. Duration 280 ms by bot id=8235942966
2026-03-01 19:20:30,431 | INFO | aiogram.event | Update id=360175242 is handled. Duration 171 ms by bot id=8235942966
2026-03-01 19:20:31,757 | INFO | aiogram.event | Update id=360175243 is handled. Duration 157 ms by bot id=8235942966
2026-03-01 19:20:33,275 | INFO | aiogram.event | Update id=360175244 is handled. Duration 452 ms by bot id=8235942966
2026-03-01 19:20:35,563 | INFO | aiogram.event | Update id=360175245 is handled. Duration 265 ms by bot id=8235942966
2026-03-01 19:20:36,884 | INFO | aiogram.event | Update id=360175246 is handled. Duration 172 ms by bot id=8235942966
2026-03-01 19:20:43,622 | INFO | aiogram.event | Update id=360175247 is handled. Duration 157 ms by bot id=8235942966
2026-03-01 19:20:46,849 | INFO | aiogram.event | Update id=360175248 is handled. Duration 328 ms by bot id=8235942966
2026-03-01 19:20:48,371 | INFO | aiogram.event | Update id=360175249 is handled. Duration 203 ms by bot id=8235942966
2026-03-01 19:20:49,897 | INFO | aiogram.event | Update id=360175250 is handled. Duration 280 ms by bot id=8235942966
2026-03-01 19:20:57,467 | INFO | aiogram.event | Update id=360175251 is handled. Duration 483 ms by bot id=8235942966
2026-03-01 19:20:59,692 | INFO | aiogram.event | Update id=360175252 is handled. Duration 250 ms by bot id=8235942966
2026-03-01 19:21:10,137 | INFO | aiogram.event | Update id=360175253 is handled. Duration 155 ms by bot id=8235942966
2026-03-01 19:21:12,772 | ERROR | bot.loader | Failed to forward user message to admin
Traceback (most recent call last):
  File "C:\Users\taras\OneDrive\Рабочий стол\upgrade 2.0\bot\routes.py", line 275, in user_message_to_admin
    await bot.send_message(ADMIN_ID, user_info)
  File "C:\Users\taras\AppData\Local\Packages\PythonSoftwareFoundation.Python.3.12_qbz5n2kfra8p0\LocalCache\local-packages\Python312\site-packages\aiogram\client\bot.py", line 2909, in send_message
    return await self(call, request_timeout=request_timeout)
           ^^^^^^^^^^^^^^^^^^^^^^^^^^^^^^^^^^^^^^^^^^^^^^^^^
  File "C:\Users\taras\AppData\Local\Packages\PythonSoftwareFoundation.Python.3.12_qbz5n2kfra8p0\LocalCache\local-packages\Python312\site-packages\aiogram\client\bot.py", line 485, in __call__
    return await self.session(self, method, timeout=request_timeout)
           ^^^^^^^^^^^^^^^^^^^^^^^^^^^^^^^^^^^^^^^^^^^^^^^^^^^^^^^^^
  File "C:\Users\taras\AppData\Local\Packages\PythonSoftwareFoundation.Python.3.12_qbz5n2kfra8p0\LocalCache\local-packages\Python312\site-packages\aiogram\client\session\base.py", line 254, in __call__
    return cast(TelegramType, await middleware(bot, method))
                              ^^^^^^^^^^^^^^^^^^^^^^^^^^^^^
  File "C:\Users\taras\AppData\Local\Packages\PythonSoftwareFoundation.Python.3.12_qbz5n2kfra8p0\LocalCache\local-packages\Python312\site-packages\aiogram\client\session\aiohttp.py", line 189, in make_request
    response = self.check_response(
               ^^^^^^^^^^^^^^^^^^^^
  File "C:\Users\taras\AppData\Local\Packages\PythonSoftwareFoundation.Python.3.12_qbz5n2kfra8p0\LocalCache\local-packages\Python312\site-packages\aiogram\client\session\base.py", line 120, in check_response
    raise TelegramBadRequest(method=method, message=description)
aiogram.exceptions.TelegramBadRequest: Telegram server says - Bad Request: chat not found
2026-03-01 19:21:12,896 | INFO | aiogram.event | Update id=360175254 is handled. Duration 421 ms by bot id=8235942966
2026-03-01 19:21:17,665 | ERROR | bot.loader | Failed to forward user message to admin
Traceback (most recent call last):
  File "C:\Users\taras\OneDrive\Рабочий стол\upgrade 2.0\bot\routes.py", line 275, in user_message_to_admin
    await bot.send_message(ADMIN_ID, user_info)
  File "C:\Users\taras\AppData\Local\Packages\PythonSoftwareFoundation.Python.3.12_qbz5n2kfra8p0\LocalCache\local-packages\Python312\site-packages\aiogram\client\bot.py", line 2909, in send_message
    return await self(call, request_timeout=request_timeout)
           ^^^^^^^^^^^^^^^^^^^^^^^^^^^^^^^^^^^^^^^^^^^^^^^^^
  File "C:\Users\taras\AppData\Local\Packages\PythonSoftwareFoundation.Python.3.12_qbz5n2kfra8p0\LocalCache\local-packages\Python312\site-packages\aiogram\client\bot.py", line 485, in __call__
    return await self.session(self, method, timeout=request_timeout)
           ^^^^^^^^^^^^^^^^^^^^^^^^^^^^^^^^^^^^^^^^^^^^^^^^^^^^^^^^^
  File "C:\Users\taras\AppData\Local\Packages\PythonSoftwareFoundation.Python.3.12_qbz5n2kfra8p0\LocalCache\local-packages\Python312\site-packages\aiogram\client\session\base.py", line 254, in __call__
    return cast(TelegramType, await middleware(bot, method))
                              ^^^^^^^^^^^^^^^^^^^^^^^^^^^^^
  File "C:\Users\taras\AppData\Local\Packages\PythonSoftwareFoundation.Python.3.12_qbz5n2kfra8p0\LocalCache\local-packages\Python312\site-packages\aiogram\client\session\aiohttp.py", line 189, in make_request
    response = self.check_response(
               ^^^^^^^^^^^^^^^^^^^^
  File "C:\Users\taras\AppData\Local\Packages\PythonSoftwareFoundation.Python.3.12_qbz5n2kfra8p0\LocalCache\local-packages\Python312\site-packages\aiogram\client\session\base.py", line 120, in check_response
    raise TelegramBadRequest(method=method, message=description)
aiogram.exceptions.TelegramBadRequest: Telegram server says - Bad Request: chat not found
2026-03-01 19:21:17,810 | INFO | aiogram.event | Update id=360175255 is handled. Duration 562 ms by bot id=8235942966
2026-03-01 22:48:34,958 | INFO | bot.loader | Bot started
2026-03-01 22:48:34,959 | INFO | aiogram.dispatcher | Start polling
2026-03-01 22:48:35,172 | INFO | aiogram.dispatcher | Run polling for bot @BellaTarobot id=8235942966 - 'BellaTaro'
2026-03-01 22:48:35,453 | INFO | aiogram.event | Update id=360175256 is handled. Duration 218 ms by bot id=8235942966
2026-03-01 22:48:35,480 | INFO | aiogram.event | Update id=360175257 is handled. Duration 217 ms by bot id=8235942966
2026-03-01 23:00:25,646 | INFO | aiogram.event | Update id=360175258 is handled. Duration 264 ms by bot id=8235942966
2026-03-01 23:01:24,725 | INFO | aiogram.event | Update id=360175259 is handled. Duration 296 ms by bot id=8235942966
